[debug] [2021-07-30T15:34:32.858Z] ----------------------------------------------------------------------
[debug] [2021-07-30T15:34:32.860Z] Command:       /Users/catherinepedersen/.nvm/versions/node/v14.15.5/bin/node /Users/catherinepedersen/.nvm/versions/node/v14.15.5/bin/firebase emulators:start --only functions
[debug] [2021-07-30T15:34:32.861Z] CLI Version:   9.16.0
[debug] [2021-07-30T15:34:32.861Z] Platform:      darwin
[debug] [2021-07-30T15:34:32.861Z] Node Version:  v14.15.5
[debug] [2021-07-30T15:34:32.862Z] Time:          Fri Jul 30 2021 11:34:32 GMT-0400 (Eastern Daylight Time)
[debug] [2021-07-30T15:34:32.862Z] ----------------------------------------------------------------------
[debug] 
[debug] [2021-07-30T15:34:32.925Z] > command requires scopes: ["email","openid","https://www.googleapis.com/auth/cloudplatformprojects.readonly","https://www.googleapis.com/auth/firebase","https://www.googleapis.com/auth/cloud-platform"]
[debug] [2021-07-30T15:34:32.926Z] > authorizing via signed-in user (cathy.pedersen@gmail.com)
[info] i  emulators: Starting emulators: functions {"metadata":{"emulator":{"name":"hub"},"message":"Starting emulators: functions"}}
[debug] [2021-07-30T15:34:32.947Z] [hub] writing locator at /var/folders/t_/cl8qtq7n2z1_pm7ml8y5v6rm0000gn/T/hub-trash-dash-46e41.json
[warn] ⚠  functions: The following emulators are not running, calls to these services from the Functions emulator will affect production: auth, firestore, database, hosting, pubsub, storage {"metadata":{"emulator":{"name":"functions"},"message":"The following emulators are not running, calls to these services from the Functions emulator will affect production: \u001b[1mauth, firestore, database, hosting, pubsub, storage\u001b[22m"}}
[info] ✔  functions: Using node@14 from host. {"metadata":{"emulator":{"name":"functions"},"message":"Using node@14 from host."}}
[debug] [2021-07-30T15:34:32.985Z] defaultcredentials: writing to file /Users/catherinepedersen/.config/firebase/cathy_pedersen_gmail.com_application_default_credentials.json
[debug] [2021-07-30T15:34:32.998Z] Setting GAC to /Users/catherinepedersen/.config/firebase/cathy_pedersen_gmail.com_application_default_credentials.json {"metadata":{"emulator":{"name":"functions"},"message":"Setting GAC to /Users/catherinepedersen/.config/firebase/cathy_pedersen_gmail.com_application_default_credentials.json"}}
[debug] [2021-07-30T15:34:33.003Z] >>> [apiv2][query] GET https://firebase.googleapis.com/v1beta1/projects/trash-dash-46e41/adminSdkConfig [none]
[debug] [2021-07-30T15:34:33.224Z] <<< [apiv2][status] GET https://firebase.googleapis.com/v1beta1/projects/trash-dash-46e41/adminSdkConfig 200
[debug] [2021-07-30T15:34:33.224Z] <<< [apiv2][body] GET https://firebase.googleapis.com/v1beta1/projects/trash-dash-46e41/adminSdkConfig {"projectId":"trash-dash-46e41","storageBucket":"trash-dash-46e41.appspot.com","locationId":"us-east1"}
[info] i  ui: downloading ui-v1.6.0.zip... {"metadata":{"emulator":{"name":"ui"},"message":"downloading ui-v1.6.0.zip..."}}
[debug] [2021-07-30T15:34:33.535Z] >>> [apiv2][query] GET https://storage.googleapis.com/firebase-preview-drop/emulator/ui-v1.6.0.zip 
[debug] [2021-07-30T15:34:33.672Z] <<< [apiv2][status] GET https://storage.googleapis.com/firebase-preview-drop/emulator/ui-v1.6.0.zip 200
[debug] [2021-07-30T15:34:33.673Z] <<< [apiv2][body] GET https://storage.googleapis.com/firebase-preview-drop/emulator/ui-v1.6.0.zip [stream]
[debug] [2021-07-30T15:34:34.400Z] Ignoring unsupported arg: auto_download {"metadata":{"emulator":{"name":"ui"},"message":"Ignoring unsupported arg: auto_download"}}
[debug] [2021-07-30T15:34:34.400Z] Ignoring unsupported arg: port {"metadata":{"emulator":{"name":"ui"},"message":"Ignoring unsupported arg: port"}}
[debug] [2021-07-30T15:34:34.400Z] Starting Emulator UI with command {"binary":"node","args":["/Users/catherinepedersen/.cache/firebase/emulators/ui-v1.6.0/server.bundle.js"],"optionalArgs":[],"joinArgs":false} {"metadata":{"emulator":{"name":"ui"},"message":"Starting Emulator UI with command {\"binary\":\"node\",\"args\":[\"/Users/catherinepedersen/.cache/firebase/emulators/ui-v1.6.0/server.bundle.js\"],\"optionalArgs\":[],\"joinArgs\":false}"}}
[info] i  ui: Emulator UI logging to ui-debug.log {"metadata":{"emulator":{"name":"ui"},"message":"Emulator UI logging to \u001b[1mui-debug.log\u001b[22m"}}
[debug] [2021-07-30T15:34:34.612Z] Web / API server started at localhost:4000
 {"metadata":{"emulator":{"name":"ui"},"message":"Web / API server started at localhost:4000\n"}}
[info] i  functions: Watching "/Users/catherinepedersen/Projects/trash-dash/functions" for Cloud Functions... {"metadata":{"emulator":{"name":"functions"},"message":"Watching \"/Users/catherinepedersen/Projects/trash-dash/functions\" for Cloud Functions..."}}
[debug] [2021-07-30T15:34:34.680Z] [worker-pool] addWorker(~diagnostic~) {"metadata":{"emulator":{"name":"functions"},"message":"[worker-pool] addWorker(~diagnostic~)"}}
[debug] [2021-07-30T15:34:34.680Z] [worker-pool] Adding worker with key ~diagnostic~, total=1 {"metadata":{"emulator":{"name":"functions"},"message":"[worker-pool] Adding worker with key ~diagnostic~, total=1"}}
[debug] [2021-07-30T15:34:34.681Z] [worker-pool] submitWork(triggerId=) {"metadata":{"emulator":{"name":"functions"},"message":"[worker-pool] submitWork(triggerId=)"}}
[debug] [2021-07-30T15:34:34.681Z] [worker-~diagnostic~-aacc2263-9407-4368-85b4-690f9802bc8a]: Assigning socketPath: /var/folders/t_/cl8qtq7n2z1_pm7ml8y5v6rm0000gn/T/fire_emu_26486.sock {"metadata":{"emulator":{"name":"functions"},"message":"[worker-~diagnostic~-aacc2263-9407-4368-85b4-690f9802bc8a]: Assigning socketPath: /var/folders/t_/cl8qtq7n2z1_pm7ml8y5v6rm0000gn/T/fire_emu_26486.sock"}}
[debug] [2021-07-30T15:34:34.681Z] [worker-~diagnostic~-aacc2263-9407-4368-85b4-690f9802bc8a]: BUSY {"metadata":{"emulator":{"name":"functions"},"message":"[worker-~diagnostic~-aacc2263-9407-4368-85b4-690f9802bc8a]: BUSY"}}
[debug] [2021-07-30T15:34:34.882Z] [runtime-status] [26486] Functions runtime initialized. {"cwd":"/Users/catherinepedersen/Projects/trash-dash/functions","node_version":"14.15.5"} {"metadata":{"emulator":{"name":"functions"},"message":"[runtime-status] [26486] Functions runtime initialized. {\"cwd\":\"/Users/catherinepedersen/Projects/trash-dash/functions\",\"node_version\":\"14.15.5\"}"}}
[debug] [2021-07-30T15:34:34.883Z] [runtime-status] [26486] Disabled runtime features: undefined {"metadata":{"emulator":{"name":"functions"},"message":"[runtime-status] [26486] Disabled runtime features: undefined"}}
[debug] [2021-07-30T15:34:34.885Z] [runtime-status] [26486] Resolved module firebase-admin {"declared":true,"installed":true,"version":"9.11.0","resolution":"/Users/catherinepedersen/Projects/trash-dash/functions/node_modules/firebase-admin/lib/index.js"} {"metadata":{"emulator":{"name":"functions"},"message":"[runtime-status] [26486] Resolved module firebase-admin {\"declared\":true,\"installed\":true,\"version\":\"9.11.0\",\"resolution\":\"/Users/catherinepedersen/Projects/trash-dash/functions/node_modules/firebase-admin/lib/index.js\"}"}}
[debug] [2021-07-30T15:34:34.886Z] [runtime-status] [26486] Resolved module firebase-functions {"declared":true,"installed":true,"version":"3.14.1","resolution":"/Users/catherinepedersen/Projects/trash-dash/functions/node_modules/firebase-functions/lib/index.js"} {"metadata":{"emulator":{"name":"functions"},"message":"[runtime-status] [26486] Resolved module firebase-functions {\"declared\":true,\"installed\":true,\"version\":\"3.14.1\",\"resolution\":\"/Users/catherinepedersen/Projects/trash-dash/functions/node_modules/firebase-functions/lib/index.js\"}"}}
[debug] [2021-07-30T15:34:34.888Z] [runtime-status] [26486] Resolved module firebase-functions {"declared":true,"installed":true,"version":"3.14.1","resolution":"/Users/catherinepedersen/Projects/trash-dash/functions/node_modules/firebase-functions/lib/index.js"} {"metadata":{"emulator":{"name":"functions"},"message":"[runtime-status] [26486] Resolved module firebase-functions {\"declared\":true,\"installed\":true,\"version\":\"3.14.1\",\"resolution\":\"/Users/catherinepedersen/Projects/trash-dash/functions/node_modules/firebase-functions/lib/index.js\"}"}}
[debug] [2021-07-30T15:34:34.890Z] [runtime-status] [26486] Outgoing network have been stubbed. [{"name":"http","status":"mocked"},{"name":"http","status":"mocked"},{"name":"https","status":"mocked"},{"name":"https","status":"mocked"},{"name":"net","status":"mocked"}] {"metadata":{"emulator":{"name":"functions"},"message":"[runtime-status] [26486] Outgoing network have been stubbed. [{\"name\":\"http\",\"status\":\"mocked\"},{\"name\":\"http\",\"status\":\"mocked\"},{\"name\":\"https\",\"status\":\"mocked\"},{\"name\":\"https\",\"status\":\"mocked\"},{\"name\":\"net\",\"status\":\"mocked\"}]"}}
[debug] [2021-07-30T15:34:34.890Z] [runtime-status] [26486] Resolved module firebase-functions {"declared":true,"installed":true,"version":"3.14.1","resolution":"/Users/catherinepedersen/Projects/trash-dash/functions/node_modules/firebase-functions/lib/index.js"} {"metadata":{"emulator":{"name":"functions"},"message":"[runtime-status] [26486] Resolved module firebase-functions {\"declared\":true,\"installed\":true,\"version\":\"3.14.1\",\"resolution\":\"/Users/catherinepedersen/Projects/trash-dash/functions/node_modules/firebase-functions/lib/index.js\"}"}}
[debug] [2021-07-30T15:34:34.943Z] [runtime-status] [26486] Checked functions.config() {"config":{}} {"metadata":{"emulator":{"name":"functions"},"message":"[runtime-status] [26486] Checked functions.config() {\"config\":{}}"}}
[debug] [2021-07-30T15:34:34.943Z] [runtime-status] [26486] firebase-functions has been stubbed. {"functionsResolution":{"declared":true,"installed":true,"version":"3.14.1","resolution":"/Users/catherinepedersen/Projects/trash-dash/functions/node_modules/firebase-functions/lib/index.js"}} {"metadata":{"emulator":{"name":"functions"},"message":"[runtime-status] [26486] firebase-functions has been stubbed. {\"functionsResolution\":{\"declared\":true,\"installed\":true,\"version\":\"3.14.1\",\"resolution\":\"/Users/catherinepedersen/Projects/trash-dash/functions/node_modules/firebase-functions/lib/index.js\"}}"}}
[debug] [2021-07-30T15:34:34.943Z] [runtime-status] [26486] Resolved module firebase-functions {"declared":true,"installed":true,"version":"3.14.1","resolution":"/Users/catherinepedersen/Projects/trash-dash/functions/node_modules/firebase-functions/lib/index.js"} {"metadata":{"emulator":{"name":"functions"},"message":"[runtime-status] [26486] Resolved module firebase-functions {\"declared\":true,\"installed\":true,\"version\":\"3.14.1\",\"resolution\":\"/Users/catherinepedersen/Projects/trash-dash/functions/node_modules/firebase-functions/lib/index.js\"}"}}
[debug] [2021-07-30T15:34:34.944Z] [runtime-status] [26486] Resolved module firebase-admin {"declared":true,"installed":true,"version":"9.11.0","resolution":"/Users/catherinepedersen/Projects/trash-dash/functions/node_modules/firebase-admin/lib/index.js"} {"metadata":{"emulator":{"name":"functions"},"message":"[runtime-status] [26486] Resolved module firebase-admin {\"declared\":true,\"installed\":true,\"version\":\"9.11.0\",\"resolution\":\"/Users/catherinepedersen/Projects/trash-dash/functions/node_modules/firebase-admin/lib/index.js\"}"}}
[debug] [2021-07-30T15:34:34.945Z] [runtime-status] [26486] Resolved module firebase-functions {"declared":true,"installed":true,"version":"3.14.1","resolution":"/Users/catherinepedersen/Projects/trash-dash/functions/node_modules/firebase-functions/lib/index.js"} {"metadata":{"emulator":{"name":"functions"},"message":"[runtime-status] [26486] Resolved module firebase-functions {\"declared\":true,\"installed\":true,\"version\":\"3.14.1\",\"resolution\":\"/Users/catherinepedersen/Projects/trash-dash/functions/node_modules/firebase-functions/lib/index.js\"}"}}
[debug] [2021-07-30T15:34:34.945Z] [runtime-status] [26486] firebase-admin has been stubbed. {"adminResolution":{"declared":true,"installed":true,"version":"9.11.0","resolution":"/Users/catherinepedersen/Projects/trash-dash/functions/node_modules/firebase-admin/lib/index.js"}} {"metadata":{"emulator":{"name":"functions"},"message":"[runtime-status] [26486] firebase-admin has been stubbed. {\"adminResolution\":{\"declared\":true,\"installed\":true,\"version\":\"9.11.0\",\"resolution\":\"/Users/catherinepedersen/Projects/trash-dash/functions/node_modules/firebase-admin/lib/index.js\"}}"}}
[info] 
┌─────────────────────────────────────────────────────────────┐
│ ✔  All emulators ready! It is now safe to connect your app. │
│ i  View Emulator UI at http://localhost:4000                │
└─────────────────────────────────────────────────────────────┘

┌───────────┬────────────────┬─────────────────────────────────┐
│ Emulator  │ Host:Port      │ View in Emulator UI             │
├───────────┼────────────────┼─────────────────────────────────┤
│ Functions │ localhost:5001 │ http://localhost:4000/functions │
└───────────┴────────────────┴─────────────────────────────────┘
  Emulator Hub running at localhost:4400
  Other reserved ports: 4500

Issues? Report them at https://github.com/firebase/firebase-tools/issues and attach the *-debug.log files.
 
[debug] [2021-07-30T15:34:34.950Z] [worker-~diagnostic~-aacc2263-9407-4368-85b4-690f9802bc8a]: IDLE {"metadata":{"emulator":{"name":"functions"},"message":"[worker-~diagnostic~-aacc2263-9407-4368-85b4-690f9802bc8a]: IDLE"}}
